{"/home/david/Escritorio/cashtrackr/backend/src/server.ts": {"path":"/home/david/Escritorio/cashtrackr/backend/src/server.ts","statementMap":{"0":{"start":{"line":9,"column":0},"end":{"line":9,"column":7}},"1":{"start":{"line":1,"column":0},"end":{"line":1,"column":30}},"2":{"start":{"line":3,"column":0},"end":{"line":3,"column":28}},"3":{"start":{"line":5,"column":0},"end":{"line":5,"column":33}},"4":{"start":{"line":6,"column":0},"end":{"line":6,"column":49}},"5":{"start":{"line":7,"column":0},"end":{"line":7,"column":45}},"6":{"start":{"line":10,"column":4},"end":{"line":16,"column":5}},"7":{"start":{"line":11,"column":8},"end":{"line":11,"column":32}},"8":{"start":{"line":12,"column":8},"end":{"line":12,"column":18}},"9":{"start":{"line":19,"column":12},"end":{"line":19,"column":21}},"10":{"start":{"line":20,"column":0},"end":{"line":22,"column":1}},"11":{"start":{"line":21,"column":4},"end":{"line":21,"column":16}},"12":{"start":{"line":24,"column":0},"end":{"line":24,"column":23}},"13":{"start":{"line":25,"column":0},"end":{"line":25,"column":24}},"14":{"start":{"line":27,"column":0},"end":{"line":27,"column":38}},"15":{"start":{"line":28,"column":0},"end":{"line":28,"column":33}},"16":{"start":{"line":30,"column":0},"end":{"line":30,"column":null}}},"fnMap":{"0":{"name":"connectDB","decl":{"start":{"line":9,"column":22},"end":{"line":9,"column":31}},"loc":{"start":{"line":9,"column":31},"end":{"line":17,"column":1}}}},"branchMap":{"0":{"loc":{"start":{"line":20,"column":0},"end":{"line":22,"column":1}},"type":"if","locations":[{"start":{"line":20,"column":0},"end":{"line":22,"column":1}},{"start":{},"end":{}}]}},"s":{"0":1,"1":1,"2":1,"3":1,"4":1,"5":1,"6":0,"7":0,"8":0,"9":1,"10":1,"11":0,"12":1,"13":1,"14":1,"15":1,"16":1},"f":{"0":0},"b":{"0":[0,1]}}
,"/home/david/Escritorio/cashtrackr/backend/src/config/db.ts": {"path":"/home/david/Escritorio/cashtrackr/backend/src/config/db.ts","statementMap":{"0":{"start":{"line":1,"column":0},"end":{"line":1,"column":28}},"1":{"start":{"line":2,"column":0},"end":{"line":2,"column":49}},"2":{"start":{"line":4,"column":0},"end":{"line":4,"column":16}},"3":{"start":{"line":6,"column":13},"end":{"line":15,"column":3}}},"fnMap":{},"branchMap":{},"s":{"0":1,"1":1,"2":1,"3":1},"f":{},"b":{}}
,"/home/david/Escritorio/cashtrackr/backend/src/config/limiter.ts": {"path":"/home/david/Escritorio/cashtrackr/backend/src/config/limiter.ts","statementMap":{"0":{"start":{"line":1,"column":0},"end":{"line":1,"column":47}},"1":{"start":{"line":3,"column":13},"end":{"line":7,"column":3}}},"fnMap":{},"branchMap":{"0":{"loc":{"start":{"line":5,"column":11},"end":{"line":5,"column":58}},"type":"cond-expr","locations":[{"start":{"line":5,"column":51},"end":{"line":5,"column":52}},{"start":{"line":5,"column":55},"end":{"line":5,"column":58}}]}},"s":{"0":1,"1":1},"f":{},"b":{"0":[0,1]}}
,"/home/david/Escritorio/cashtrackr/backend/src/config/mailer.ts": {"path":"/home/david/Escritorio/cashtrackr/backend/src/config/mailer.ts","statementMap":{"0":{"start":{"line":1,"column":0},"end":{"line":1,"column":36}},"1":{"start":{"line":2,"column":0},"end":{"line":2,"column":28}},"2":{"start":{"line":4,"column":0},"end":{"line":4,"column":16}},"3":{"start":{"line":15,"column":15},"end":{"line":24,"column":1}},"4":{"start":{"line":16,"column":4},"end":{"line":23,"column":null}},"5":{"start":{"line":26,"column":13},"end":{"line":26,"column":62}}},"fnMap":{"0":{"name":"(anonymous_1)","decl":{"start":{"line":15,"column":15},"end":{"line":15,"column":35}},"loc":{"start":{"line":15,"column":37},"end":{"line":24,"column":1}}}},"branchMap":{},"s":{"0":2,"1":2,"2":2,"3":2,"4":2,"5":2},"f":{"0":2},"b":{}}
,"/home/david/Escritorio/cashtrackr/backend/src/controllers/AuthController.ts": {"path":"/home/david/Escritorio/cashtrackr/backend/src/controllers/AuthController.ts","statementMap":{"0":{"start":{"line":2,"column":0},"end":{"line":2,"column":34}},"1":{"start":{"line":3,"column":0},"end":{"line":3,"column":60}},"2":{"start":{"line":4,"column":0},"end":{"line":4,"column":47}},"3":{"start":{"line":5,"column":0},"end":{"line":5,"column":48}},"4":{"start":{"line":6,"column":0},"end":{"line":6,"column":43}},"5":{"start":{"line":9,"column":34},"end":{"line":42,"column":5}},"6":{"start":{"line":10,"column":34},"end":{"line":10,"column":42}},"7":{"start":{"line":13,"column":26},"end":{"line":13,"column":62}},"8":{"start":{"line":15,"column":8},"end":{"line":18,"column":9}},"9":{"start":{"line":16,"column":26},"end":{"line":16,"column":97}},"10":{"start":{"line":17,"column":12},"end":{"line":17,"column":64}},"11":{"start":{"line":20,"column":8},"end":{"line":41,"column":9}},"12":{"start":{"line":21,"column":25},"end":{"line":21,"column":52}},"13":{"start":{"line":22,"column":12},"end":{"line":22,"column":57}},"14":{"start":{"line":24,"column":26},"end":{"line":24,"column":41}},"15":{"start":{"line":25,"column":12},"end":{"line":25,"column":31}},"16":{"start":{"line":27,"column":12},"end":{"line":29,"column":13}},"17":{"start":{"line":28,"column":16},"end":{"line":28,"column":65}},"18":{"start":{"line":31,"column":12},"end":{"line":31,"column":30}},"19":{"start":{"line":32,"column":12},"end":{"line":36,"column":15}},"20":{"start":{"line":38,"column":12},"end":{"line":38,"column":62}},"21":{"start":{"line":40,"column":12},"end":{"line":40,"column":65}},"22":{"start":{"line":44,"column":35},"end":{"line":58,"column":5}},"23":{"start":{"line":45,"column":26},"end":{"line":45,"column":34}},"24":{"start":{"line":46,"column":21},"end":{"line":46,"column":59}},"25":{"start":{"line":48,"column":8},"end":{"line":51,"column":9}},"26":{"start":{"line":49,"column":26},"end":{"line":49,"column":52}},"27":{"start":{"line":50,"column":12},"end":{"line":50,"column":64}},"28":{"start":{"line":53,"column":8},"end":{"line":53,"column":26}},"29":{"start":{"line":54,"column":8},"end":{"line":54,"column":30}},"30":{"start":{"line":56,"column":8},"end":{"line":56,"column":26}},"31":{"start":{"line":57,"column":8},"end":{"line":57,"column":51}},"32":{"start":{"line":60,"column":26},"end":{"line":83,"column":5}},"33":{"start":{"line":61,"column":36},"end":{"line":61,"column":44}},"34":{"start":{"line":62,"column":21},"end":{"line":62,"column":59}},"35":{"start":{"line":64,"column":8},"end":{"line":67,"column":9}},"36":{"start":{"line":65,"column":26},"end":{"line":65,"column":53}},"37":{"start":{"line":66,"column":12},"end":{"line":66,"column":64}},"38":{"start":{"line":69,"column":8},"end":{"line":72,"column":9}},"39":{"start":{"line":70,"column":26},"end":{"line":70,"column":57}},"40":{"start":{"line":71,"column":12},"end":{"line":71,"column":64}},"41":{"start":{"line":74,"column":34},"end":{"line":74,"column":78}},"42":{"start":{"line":76,"column":8},"end":{"line":79,"column":9}},"43":{"start":{"line":77,"column":26},"end":{"line":77,"column":57}},"44":{"start":{"line":78,"column":12},"end":{"line":78,"column":64}},"45":{"start":{"line":81,"column":22},"end":{"line":81,"column":42}},"46":{"start":{"line":82,"column":8},"end":{"line":82,"column":24}},"47":{"start":{"line":85,"column":35},"end":{"line":104,"column":5}},"48":{"start":{"line":86,"column":26},"end":{"line":86,"column":34}},"49":{"start":{"line":87,"column":21},"end":{"line":87,"column":59}},"50":{"start":{"line":89,"column":8},"end":{"line":92,"column":9}},"51":{"start":{"line":90,"column":26},"end":{"line":90,"column":53}},"52":{"start":{"line":91,"column":12},"end":{"line":91,"column":64}},"53":{"start":{"line":94,"column":8},"end":{"line":94,"column":37}},"54":{"start":{"line":95,"column":8},"end":{"line":95,"column":26}},"55":{"start":{"line":97,"column":8},"end":{"line":101,"column":11}},"56":{"start":{"line":103,"column":8},"end":{"line":103,"column":54}},"57":{"start":{"line":106,"column":34},"end":{"line":116,"column":5}},"58":{"start":{"line":107,"column":27},"end":{"line":107,"column":35}},"59":{"start":{"line":108,"column":27},"end":{"line":108,"column":65}},"60":{"start":{"line":110,"column":8},"end":{"line":113,"column":9}},"61":{"start":{"line":111,"column":26},"end":{"line":111,"column":52}},"62":{"start":{"line":112,"column":12},"end":{"line":112,"column":64}},"63":{"start":{"line":115,"column":8},"end":{"line":115,"column":36}},"64":{"start":{"line":118,"column":43},"end":{"line":133,"column":5}},"65":{"start":{"line":119,"column":26},"end":{"line":119,"column":36}},"66":{"start":{"line":120,"column":29},"end":{"line":120,"column":37}},"67":{"start":{"line":121,"column":21},"end":{"line":121,"column":59}},"68":{"start":{"line":123,"column":8},"end":{"line":126,"column":9}},"69":{"start":{"line":124,"column":26},"end":{"line":124,"column":52}},"70":{"start":{"line":125,"column":12},"end":{"line":125,"column":64}},"71":{"start":{"line":128,"column":8},"end":{"line":128,"column":53}},"72":{"start":{"line":129,"column":8},"end":{"line":129,"column":26}},"73":{"start":{"line":131,"column":8},"end":{"line":131,"column":26}},"74":{"start":{"line":132,"column":8},"end":{"line":132,"column":58}},"75":{"start":{"line":135,"column":25},"end":{"line":137,"column":5}},"76":{"start":{"line":136,"column":8},"end":{"line":136,"column":27}},"77":{"start":{"line":139,"column":42},"end":{"line":155,"column":5}},"78":{"start":{"line":140,"column":47},"end":{"line":140,"column":55}},"79":{"start":{"line":141,"column":23},"end":{"line":141,"column":31}},"80":{"start":{"line":142,"column":21},"end":{"line":142,"column":44}},"81":{"start":{"line":144,"column":34},"end":{"line":144,"column":86}},"82":{"start":{"line":146,"column":8},"end":{"line":149,"column":9}},"83":{"start":{"line":147,"column":26},"end":{"line":147,"column":72}},"84":{"start":{"line":148,"column":12},"end":{"line":148,"column":64}},"85":{"start":{"line":151,"column":8},"end":{"line":151,"column":53}},"86":{"start":{"line":152,"column":8},"end":{"line":152,"column":26}},"87":{"start":{"line":154,"column":8},"end":{"line":154,"column":58}},"88":{"start":{"line":157,"column":34},"end":{"line":171,"column":5}},"89":{"start":{"line":158,"column":29},"end":{"line":158,"column":37}},"90":{"start":{"line":160,"column":23},"end":{"line":160,"column":31}},"91":{"start":{"line":161,"column":21},"end":{"line":161,"column":44}},"92":{"start":{"line":163,"column":34},"end":{"line":163,"column":78}},"93":{"start":{"line":165,"column":8},"end":{"line":168,"column":9}},"94":{"start":{"line":166,"column":26},"end":{"line":166,"column":72}},"95":{"start":{"line":167,"column":12},"end":{"line":167,"column":64}},"96":{"start":{"line":170,"column":8},"end":{"line":170,"column":null}},"97":{"start":{"line":8,"column":0},"end":{"line":8,"column":13}}},"fnMap":{"0":{"name":"(anonymous_1)","decl":{"start":{"line":9,"column":34},"end":{"line":9,"column":39}},"loc":{"start":{"line":9,"column":72},"end":{"line":42,"column":5}}},"1":{"name":"(anonymous_2)","decl":{"start":{"line":44,"column":35},"end":{"line":44,"column":40}},"loc":{"start":{"line":44,"column":72},"end":{"line":58,"column":5}}},"2":{"name":"(anonymous_3)","decl":{"start":{"line":60,"column":26},"end":{"line":60,"column":31}},"loc":{"start":{"line":60,"column":64},"end":{"line":83,"column":5}}},"3":{"name":"(anonymous_4)","decl":{"start":{"line":85,"column":35},"end":{"line":85,"column":40}},"loc":{"start":{"line":85,"column":73},"end":{"line":104,"column":5}}},"4":{"name":"(anonymous_5)","decl":{"start":{"line":106,"column":34},"end":{"line":106,"column":39}},"loc":{"start":{"line":106,"column":72},"end":{"line":116,"column":5}}},"5":{"name":"(anonymous_6)","decl":{"start":{"line":118,"column":43},"end":{"line":118,"column":48}},"loc":{"start":{"line":118,"column":81},"end":{"line":133,"column":5}}},"6":{"name":"(anonymous_7)","decl":{"start":{"line":135,"column":25},"end":{"line":135,"column":30}},"loc":{"start":{"line":135,"column":63},"end":{"line":137,"column":5}}},"7":{"name":"(anonymous_8)","decl":{"start":{"line":139,"column":42},"end":{"line":139,"column":47}},"loc":{"start":{"line":139,"column":80},"end":{"line":155,"column":5}}},"8":{"name":"(anonymous_9)","decl":{"start":{"line":157,"column":34},"end":{"line":157,"column":39}},"loc":{"start":{"line":157,"column":72},"end":{"line":171,"column":5}}}},"branchMap":{"0":{"loc":{"start":{"line":15,"column":8},"end":{"line":18,"column":9}},"type":"if","locations":[{"start":{"line":15,"column":8},"end":{"line":18,"column":9}},{"start":{},"end":{}}]},"1":{"loc":{"start":{"line":27,"column":12},"end":{"line":29,"column":13}},"type":"if","locations":[{"start":{"line":27,"column":12},"end":{"line":29,"column":13}},{"start":{},"end":{}}]},"2":{"loc":{"start":{"line":48,"column":8},"end":{"line":51,"column":9}},"type":"if","locations":[{"start":{"line":48,"column":8},"end":{"line":51,"column":9}},{"start":{},"end":{}}]},"3":{"loc":{"start":{"line":64,"column":8},"end":{"line":67,"column":9}},"type":"if","locations":[{"start":{"line":64,"column":8},"end":{"line":67,"column":9}},{"start":{},"end":{}}]},"4":{"loc":{"start":{"line":69,"column":8},"end":{"line":72,"column":9}},"type":"if","locations":[{"start":{"line":69,"column":8},"end":{"line":72,"column":9}},{"start":{},"end":{}}]},"5":{"loc":{"start":{"line":76,"column":8},"end":{"line":79,"column":9}},"type":"if","locations":[{"start":{"line":76,"column":8},"end":{"line":79,"column":9}},{"start":{},"end":{}}]},"6":{"loc":{"start":{"line":89,"column":8},"end":{"line":92,"column":9}},"type":"if","locations":[{"start":{"line":89,"column":8},"end":{"line":92,"column":9}},{"start":{},"end":{}}]},"7":{"loc":{"start":{"line":110,"column":8},"end":{"line":113,"column":9}},"type":"if","locations":[{"start":{"line":110,"column":8},"end":{"line":113,"column":9}},{"start":{},"end":{}}]},"8":{"loc":{"start":{"line":123,"column":8},"end":{"line":126,"column":9}},"type":"if","locations":[{"start":{"line":123,"column":8},"end":{"line":126,"column":9}},{"start":{},"end":{}}]},"9":{"loc":{"start":{"line":146,"column":8},"end":{"line":149,"column":9}},"type":"if","locations":[{"start":{"line":146,"column":8},"end":{"line":149,"column":9}},{"start":{},"end":{}}]},"10":{"loc":{"start":{"line":165,"column":8},"end":{"line":168,"column":9}},"type":"if","locations":[{"start":{"line":165,"column":8},"end":{"line":168,"column":9}},{"start":{},"end":{}}]}},"s":{"0":2,"1":2,"2":2,"3":2,"4":2,"5":2,"6":4,"7":4,"8":4,"9":2,"10":2,"11":2,"12":2,"13":2,"14":2,"15":2,"16":2,"17":2,"18":2,"19":2,"20":2,"21":0,"22":2,"23":2,"24":2,"25":2,"26":1,"27":1,"28":1,"29":1,"30":1,"31":1,"32":2,"33":13,"34":13,"35":13,"36":2,"37":2,"38":11,"39":2,"40":2,"41":9,"42":9,"43":2,"44":2,"45":7,"46":7,"47":2,"48":0,"49":0,"50":0,"51":0,"52":0,"53":0,"54":0,"55":0,"56":0,"57":2,"58":0,"59":0,"60":0,"61":0,"62":0,"63":0,"64":2,"65":0,"66":0,"67":0,"68":0,"69":0,"70":0,"71":0,"72":0,"73":0,"74":0,"75":2,"76":0,"77":2,"78":0,"79":0,"80":0,"81":0,"82":0,"83":0,"84":0,"85":0,"86":0,"87":0,"88":2,"89":0,"90":0,"91":0,"92":0,"93":0,"94":0,"95":0,"96":0,"97":2},"f":{"0":4,"1":2,"2":13,"3":0,"4":0,"5":0,"6":0,"7":0,"8":0},"b":{"0":[2,2],"1":[2,0],"2":[1,1],"3":[2,11],"4":[2,9],"5":[2,7],"6":[0,0],"7":[0,0],"8":[0,0],"9":[0,0],"10":[0,0]}}
,"/home/david/Escritorio/cashtrackr/backend/src/controllers/BudgetController.ts": {"path":"/home/david/Escritorio/cashtrackr/backend/src/controllers/BudgetController.ts","statementMap":{"0":{"start":{"line":2,"column":0},"end":{"line":2,"column":38}},"1":{"start":{"line":3,"column":0},"end":{"line":3,"column":40}},"2":{"start":{"line":7,"column":27},"end":{"line":23,"column":5}},"3":{"start":{"line":9,"column":8},"end":{"line":22,"column":9}},"4":{"start":{"line":10,"column":28},"end":{"line":17,"column":14}},"5":{"start":{"line":19,"column":12},"end":{"line":19,"column":30}},"6":{"start":{"line":21,"column":12},"end":{"line":21,"column":65}},"7":{"start":{"line":25,"column":27},"end":{"line":36,"column":5}},"8":{"start":{"line":26,"column":8},"end":{"line":34,"column":9}},"9":{"start":{"line":27,"column":27},"end":{"line":27,"column":56}},"10":{"start":{"line":28,"column":12},"end":{"line":28,"column":41}},"11":{"start":{"line":30,"column":12},"end":{"line":30,"column":32}},"12":{"start":{"line":31,"column":12},"end":{"line":31,"column":61}},"13":{"start":{"line":33,"column":12},"end":{"line":33,"column":65}},"14":{"start":{"line":38,"column":28},"end":{"line":44,"column":5}},"15":{"start":{"line":39,"column":23},"end":{"line":41,"column":10}},"16":{"start":{"line":43,"column":8},"end":{"line":43,"column":25}},"17":{"start":{"line":46,"column":31},"end":{"line":49,"column":5}},"18":{"start":{"line":47,"column":8},"end":{"line":47,"column":42}},"19":{"start":{"line":48,"column":8},"end":{"line":48,"column":45}},"20":{"start":{"line":51,"column":31},"end":{"line":54,"column":5}},"21":{"start":{"line":52,"column":8},"end":{"line":52,"column":35}},"22":{"start":{"line":53,"column":8},"end":{"line":53,"column":48}},"23":{"start":{"line":5,"column":0},"end":{"line":5,"column":13}}},"fnMap":{"0":{"name":"(anonymous_1)","decl":{"start":{"line":7,"column":27},"end":{"line":7,"column":32}},"loc":{"start":{"line":7,"column":65},"end":{"line":23,"column":5}}},"1":{"name":"(anonymous_2)","decl":{"start":{"line":25,"column":27},"end":{"line":25,"column":32}},"loc":{"start":{"line":25,"column":65},"end":{"line":36,"column":5}}},"2":{"name":"(anonymous_3)","decl":{"start":{"line":38,"column":28},"end":{"line":38,"column":33}},"loc":{"start":{"line":38,"column":66},"end":{"line":44,"column":5}}},"3":{"name":"(anonymous_4)","decl":{"start":{"line":46,"column":31},"end":{"line":46,"column":36}},"loc":{"start":{"line":46,"column":69},"end":{"line":49,"column":5}}},"4":{"name":"(anonymous_5)","decl":{"start":{"line":51,"column":31},"end":{"line":51,"column":36}},"loc":{"start":{"line":51,"column":69},"end":{"line":54,"column":5}}}},"branchMap":{},"s":{"0":2,"1":2,"2":2,"3":5,"4":5,"5":4,"6":1,"7":2,"8":3,"9":3,"10":2,"11":2,"12":2,"13":1,"14":2,"15":4,"16":4,"17":2,"18":2,"19":2,"20":2,"21":2,"22":2,"23":2},"f":{"0":5,"1":3,"2":4,"3":2,"4":2},"b":{}}
,"/home/david/Escritorio/cashtrackr/backend/src/controllers/ExpenseController.ts": {"path":"/home/david/Escritorio/cashtrackr/backend/src/controllers/ExpenseController.ts","statementMap":{"0":{"start":{"line":2,"column":0},"end":{"line":2,"column":40}},"1":{"start":{"line":6,"column":27},"end":{"line":16,"column":5}},"2":{"start":{"line":7,"column":8},"end":{"line":15,"column":9}},"3":{"start":{"line":8,"column":28},"end":{"line":8,"column":58}},"4":{"start":{"line":9,"column":12},"end":{"line":9,"column":46}},"5":{"start":{"line":11,"column":12},"end":{"line":11,"column":33}},"6":{"start":{"line":12,"column":12},"end":{"line":12,"column":60}},"7":{"start":{"line":14,"column":12},"end":{"line":14,"column":65}},"8":{"start":{"line":18,"column":28},"end":{"line":20,"column":5}},"9":{"start":{"line":19,"column":8},"end":{"line":19,"column":30}},"10":{"start":{"line":22,"column":31},"end":{"line":25,"column":5}},"11":{"start":{"line":23,"column":8},"end":{"line":23,"column":43}},"12":{"start":{"line":24,"column":8},"end":{"line":24,"column":46}},"13":{"start":{"line":27,"column":31},"end":{"line":30,"column":5}},"14":{"start":{"line":28,"column":8},"end":{"line":28,"column":36}},"15":{"start":{"line":29,"column":8},"end":{"line":29,"column":49}},"16":{"start":{"line":4,"column":0},"end":{"line":4,"column":13}}},"fnMap":{"0":{"name":"(anonymous_1)","decl":{"start":{"line":6,"column":27},"end":{"line":6,"column":32}},"loc":{"start":{"line":6,"column":65},"end":{"line":16,"column":5}}},"1":{"name":"(anonymous_2)","decl":{"start":{"line":18,"column":28},"end":{"line":18,"column":33}},"loc":{"start":{"line":18,"column":66},"end":{"line":20,"column":5}}},"2":{"name":"(anonymous_3)","decl":{"start":{"line":22,"column":31},"end":{"line":22,"column":36}},"loc":{"start":{"line":22,"column":69},"end":{"line":25,"column":5}}},"3":{"name":"(anonymous_4)","decl":{"start":{"line":27,"column":31},"end":{"line":27,"column":36}},"loc":{"start":{"line":27,"column":69},"end":{"line":30,"column":5}}}},"branchMap":{},"s":{"0":2,"1":2,"2":2,"3":2,"4":1,"5":1,"6":1,"7":1,"8":2,"9":1,"10":2,"11":1,"12":1,"13":2,"14":1,"15":1,"16":2},"f":{"0":2,"1":1,"2":1,"3":1},"b":{}}
,"/home/david/Escritorio/cashtrackr/backend/src/emails/AuthEmail.ts": {"path":"/home/david/Escritorio/cashtrackr/backend/src/emails/AuthEmail.ts","statementMap":{"0":{"start":{"line":1,"column":0},"end":{"line":1,"column":44}},"1":{"start":{"line":10,"column":42},"end":{"line":23,"column":5}},"2":{"start":{"line":11,"column":22},"end":{"line":22,"column":10}},"3":{"start":{"line":25,"column":43},"end":{"line":38,"column":5}},"4":{"start":{"line":26,"column":22},"end":{"line":37,"column":10}},"5":{"start":{"line":9,"column":0},"end":{"line":9,"column":13}}},"fnMap":{"0":{"name":"(anonymous_0)","decl":{"start":{"line":10,"column":42},"end":{"line":10,"column":47}},"loc":{"start":{"line":10,"column":68},"end":{"line":23,"column":5}}},"1":{"name":"(anonymous_1)","decl":{"start":{"line":25,"column":43},"end":{"line":25,"column":48}},"loc":{"start":{"line":25,"column":69},"end":{"line":38,"column":5}}}},"branchMap":{},"s":{"0":2,"1":2,"2":1,"3":2,"4":0,"5":2},"f":{"0":1,"1":0},"b":{}}
,"/home/david/Escritorio/cashtrackr/backend/src/middlewares/Expense.ts": {"path":"/home/david/Escritorio/cashtrackr/backend/src/middlewares/Expense.ts","statementMap":{"0":{"start":{"line":2,"column":0},"end":{"line":2,"column":66}},"1":{"start":{"line":3,"column":0},"end":{"line":3,"column":40}},"2":{"start":{"line":13,"column":36},"end":{"line":22,"column":1}},"3":{"start":{"line":14,"column":4},"end":{"line":15,"column":null}},"4":{"start":{"line":16,"column":4},"end":{"line":19,"column":null}},"5":{"start":{"line":19,"column":25},"end":{"line":19,"column":34}},"6":{"start":{"line":21,"column":4},"end":{"line":21,"column":11}},"7":{"start":{"line":13,"column":13},"end":{"line":13,"column":36}},"8":{"start":{"line":24,"column":35},"end":{"line":37,"column":1}},"9":{"start":{"line":26,"column":4},"end":{"line":28,"column":null}},"10":{"start":{"line":26,"column":53},"end":{"line":26,"column":62}},"11":{"start":{"line":30,"column":17},"end":{"line":30,"column":38}},"12":{"start":{"line":32,"column":4},"end":{"line":34,"column":5}},"13":{"start":{"line":33,"column":8},"end":{"line":33,"column":64}},"14":{"start":{"line":36,"column":4},"end":{"line":36,"column":11}},"15":{"start":{"line":24,"column":13},"end":{"line":24,"column":35}},"16":{"start":{"line":39,"column":36},"end":{"line":57,"column":1}},"17":{"start":{"line":41,"column":4},"end":{"line":56,"column":5}},"18":{"start":{"line":42,"column":30},"end":{"line":42,"column":40}},"19":{"start":{"line":43,"column":8},"end":{"line":43,"column":49}},"20":{"start":{"line":43,"column":42},"end":{"line":43,"column":49}},"21":{"start":{"line":45,"column":24},"end":{"line":45,"column":57}},"22":{"start":{"line":47,"column":8},"end":{"line":50,"column":9}},"23":{"start":{"line":48,"column":26},"end":{"line":48,"column":56}},"24":{"start":{"line":49,"column":12},"end":{"line":49,"column":64}},"25":{"start":{"line":52,"column":8},"end":{"line":52,"column":30}},"26":{"start":{"line":53,"column":8},"end":{"line":53,"column":15}},"27":{"start":{"line":55,"column":8},"end":{"line":55,"column":61}},"28":{"start":{"line":39,"column":13},"end":{"line":39,"column":36}}},"fnMap":{"0":{"name":"(anonymous_1)","decl":{"start":{"line":13,"column":36},"end":{"line":13,"column":41}},"loc":{"start":{"line":13,"column":94},"end":{"line":22,"column":1}}},"1":{"name":"(anonymous_2)","decl":{"start":{"line":19,"column":16},"end":{"line":19,"column":21}},"loc":{"start":{"line":19,"column":25},"end":{"line":19,"column":34}}},"2":{"name":"(anonymous_3)","decl":{"start":{"line":24,"column":35},"end":{"line":24,"column":40}},"loc":{"start":{"line":24,"column":93},"end":{"line":37,"column":1}}},"3":{"name":"(anonymous_4)","decl":{"start":{"line":26,"column":44},"end":{"line":26,"column":49}},"loc":{"start":{"line":26,"column":53},"end":{"line":26,"column":62}}},"4":{"name":"(anonymous_5)","decl":{"start":{"line":39,"column":36},"end":{"line":39,"column":41}},"loc":{"start":{"line":39,"column":94},"end":{"line":57,"column":1}}}},"branchMap":{"0":{"loc":{"start":{"line":32,"column":4},"end":{"line":34,"column":5}},"type":"if","locations":[{"start":{"line":32,"column":4},"end":{"line":34,"column":5}},{"start":{},"end":{}}]},"1":{"loc":{"start":{"line":43,"column":8},"end":{"line":43,"column":49}},"type":"if","locations":[{"start":{"line":43,"column":8},"end":{"line":43,"column":49}},{"start":{},"end":{}}]},"2":{"loc":{"start":{"line":47,"column":8},"end":{"line":50,"column":9}},"type":"if","locations":[{"start":{"line":47,"column":8},"end":{"line":50,"column":9}},{"start":{},"end":{}}]}},"s":{"0":2,"1":2,"2":2,"3":0,"4":0,"5":0,"6":0,"7":2,"8":2,"9":0,"10":0,"11":0,"12":0,"13":0,"14":0,"15":2,"16":2,"17":3,"18":3,"19":3,"20":0,"21":3,"22":2,"23":1,"24":1,"25":1,"26":1,"27":1,"28":2},"f":{"0":0,"1":0,"2":0,"3":0,"4":3},"b":{"0":[0,0],"1":[0,3],"2":[1,1]}}
,"/home/david/Escritorio/cashtrackr/backend/src/middlewares/auth.ts": {"path":"/home/david/Escritorio/cashtrackr/backend/src/middlewares/auth.ts","statementMap":{"0":{"start":{"line":2,"column":0},"end":{"line":2,"column":40}},"1":{"start":{"line":3,"column":0},"end":{"line":3,"column":34}},"2":{"start":{"line":13,"column":28},"end":{"line":42,"column":1}},"3":{"start":{"line":14,"column":19},"end":{"line":14,"column":44}},"4":{"start":{"line":16,"column":8},"end":{"line":19,"column":9}},"5":{"start":{"line":17,"column":26},"end":{"line":17,"column":51}},"6":{"start":{"line":18,"column":12},"end":{"line":18,"column":64}},"7":{"start":{"line":21,"column":27},"end":{"line":21,"column":44}},"8":{"start":{"line":23,"column":8},"end":{"line":26,"column":9}},"9":{"start":{"line":24,"column":26},"end":{"line":24,"column":52}},"10":{"start":{"line":25,"column":12},"end":{"line":25,"column":64}},"11":{"start":{"line":28,"column":8},"end":{"line":41,"column":5}},"12":{"start":{"line":29,"column":28},"end":{"line":29,"column":43}},"13":{"start":{"line":31,"column":12},"end":{"line":37,"column":13}},"14":{"start":{"line":32,"column":16},"end":{"line":34,"column":19}},"15":{"start":{"line":36,"column":16},"end":{"line":36,"column":23}},"16":{"start":{"line":40,"column":8},"end":{"line":40,"column":70}},"17":{"start":{"line":13,"column":13},"end":{"line":13,"column":28}}},"fnMap":{"0":{"name":"(anonymous_1)","decl":{"start":{"line":13,"column":28},"end":{"line":13,"column":33}},"loc":{"start":{"line":13,"column":85},"end":{"line":42,"column":1}}}},"branchMap":{"0":{"loc":{"start":{"line":16,"column":8},"end":{"line":19,"column":9}},"type":"if","locations":[{"start":{"line":16,"column":8},"end":{"line":19,"column":9}},{"start":{},"end":{}}]},"1":{"loc":{"start":{"line":23,"column":8},"end":{"line":26,"column":9}},"type":"if","locations":[{"start":{"line":23,"column":8},"end":{"line":26,"column":9}},{"start":{},"end":{}}]},"2":{"loc":{"start":{"line":31,"column":12},"end":{"line":37,"column":13}},"type":"if","locations":[{"start":{"line":31,"column":12},"end":{"line":37,"column":13}},{"start":{},"end":{}}]},"3":{"loc":{"start":{"line":31,"column":15},"end":{"line":31,"column":56}},"type":"binary-expr","locations":[{"start":{"line":31,"column":15},"end":{"line":31,"column":42}},{"start":{"line":31,"column":46},"end":{"line":31,"column":56}}]}},"s":{"0":1,"1":1,"2":1,"3":16,"4":16,"5":5,"6":5,"7":11,"8":11,"9":0,"10":0,"11":11,"12":11,"13":10,"14":10,"15":10,"16":1,"17":1},"f":{"0":16},"b":{"0":[5,11],"1":[0,11],"2":[10,0],"3":[10,10]}}
,"/home/david/Escritorio/cashtrackr/backend/src/middlewares/budget.ts": {"path":"/home/david/Escritorio/cashtrackr/backend/src/middlewares/budget.ts","statementMap":{"0":{"start":{"line":2,"column":0},"end":{"line":2,"column":66}},"1":{"start":{"line":3,"column":0},"end":{"line":3,"column":38}},"2":{"start":{"line":13,"column":34},"end":{"line":26,"column":1}},"3":{"start":{"line":15,"column":4},"end":{"line":18,"column":null}},"4":{"start":{"line":17,"column":29},"end":{"line":17,"column":38}},"5":{"start":{"line":20,"column":17},"end":{"line":20,"column":38}},"6":{"start":{"line":21,"column":8},"end":{"line":23,"column":9}},"7":{"start":{"line":22,"column":12},"end":{"line":22,"column":68}},"8":{"start":{"line":25,"column":4},"end":{"line":25,"column":11}},"9":{"start":{"line":13,"column":13},"end":{"line":13,"column":34}},"10":{"start":{"line":28,"column":35},"end":{"line":46,"column":1}},"11":{"start":{"line":30,"column":4},"end":{"line":45,"column":5}},"12":{"start":{"line":31,"column":29},"end":{"line":31,"column":39}},"13":{"start":{"line":32,"column":8},"end":{"line":32,"column":48}},"14":{"start":{"line":32,"column":41},"end":{"line":32,"column":48}},"15":{"start":{"line":34,"column":23},"end":{"line":34,"column":54}},"16":{"start":{"line":36,"column":8},"end":{"line":39,"column":9}},"17":{"start":{"line":37,"column":26},"end":{"line":37,"column":55}},"18":{"start":{"line":38,"column":12},"end":{"line":38,"column":64}},"19":{"start":{"line":41,"column":8},"end":{"line":41,"column":28}},"20":{"start":{"line":42,"column":8},"end":{"line":42,"column":15}},"21":{"start":{"line":44,"column":8},"end":{"line":44,"column":61}},"22":{"start":{"line":28,"column":13},"end":{"line":28,"column":35}},"23":{"start":{"line":48,"column":35},"end":{"line":57,"column":1}},"24":{"start":{"line":49,"column":4},"end":{"line":50,"column":null}},"25":{"start":{"line":51,"column":4},"end":{"line":54,"column":null}},"26":{"start":{"line":54,"column":25},"end":{"line":54,"column":34}},"27":{"start":{"line":56,"column":4},"end":{"line":56,"column":11}},"28":{"start":{"line":48,"column":13},"end":{"line":48,"column":35}},"29":{"start":{"line":59,"column":25},"end":{"line":66,"column":1}},"30":{"start":{"line":60,"column":5},"end":{"line":63,"column":5}},"31":{"start":{"line":61,"column":22},"end":{"line":61,"column":49}},"32":{"start":{"line":62,"column":8},"end":{"line":62,"column":60}},"33":{"start":{"line":65,"column":4},"end":{"line":65,"column":11}},"34":{"start":{"line":59,"column":13},"end":{"line":59,"column":25}}},"fnMap":{"0":{"name":"(anonymous_1)","decl":{"start":{"line":13,"column":34},"end":{"line":13,"column":39}},"loc":{"start":{"line":13,"column":92},"end":{"line":26,"column":1}}},"1":{"name":"(anonymous_2)","decl":{"start":{"line":17,"column":20},"end":{"line":17,"column":25}},"loc":{"start":{"line":17,"column":29},"end":{"line":17,"column":38}}},"2":{"name":"(anonymous_3)","decl":{"start":{"line":28,"column":35},"end":{"line":28,"column":40}},"loc":{"start":{"line":28,"column":93},"end":{"line":46,"column":1}}},"3":{"name":"(anonymous_4)","decl":{"start":{"line":48,"column":35},"end":{"line":48,"column":40}},"loc":{"start":{"line":48,"column":93},"end":{"line":57,"column":1}}},"4":{"name":"(anonymous_5)","decl":{"start":{"line":54,"column":16},"end":{"line":54,"column":21}},"loc":{"start":{"line":54,"column":25},"end":{"line":54,"column":34}}},"5":{"name":"(anonymous_6)","decl":{"start":{"line":59,"column":25},"end":{"line":59,"column":30}},"loc":{"start":{"line":59,"column":83},"end":{"line":66,"column":1}}}},"branchMap":{"0":{"loc":{"start":{"line":21,"column":8},"end":{"line":23,"column":9}},"type":"if","locations":[{"start":{"line":21,"column":8},"end":{"line":23,"column":9}},{"start":{},"end":{}}]},"1":{"loc":{"start":{"line":32,"column":8},"end":{"line":32,"column":48}},"type":"if","locations":[{"start":{"line":32,"column":8},"end":{"line":32,"column":48}},{"start":{},"end":{}}]},"2":{"loc":{"start":{"line":36,"column":8},"end":{"line":39,"column":9}},"type":"if","locations":[{"start":{"line":36,"column":8},"end":{"line":39,"column":9}},{"start":{},"end":{}}]},"3":{"loc":{"start":{"line":60,"column":5},"end":{"line":63,"column":5}},"type":"if","locations":[{"start":{"line":60,"column":5},"end":{"line":63,"column":5}},{"start":{},"end":{}}]}},"s":{"0":3,"1":3,"2":3,"3":7,"4":6,"5":7,"6":7,"7":1,"8":6,"9":3,"10":3,"11":9,"12":9,"13":9,"14":0,"15":9,"16":8,"17":3,"18":3,"19":5,"20":5,"21":1,"22":3,"23":3,"24":4,"25":4,"26":4,"27":4,"28":3,"29":3,"30":7,"31":2,"32":2,"33":5,"34":3},"f":{"0":7,"1":6,"2":9,"3":4,"4":4,"5":7},"b":{"0":[1,6],"1":[0,9],"2":[3,5],"3":[2,5]}}
,"/home/david/Escritorio/cashtrackr/backend/src/middlewares/validation.ts": {"path":"/home/david/Escritorio/cashtrackr/backend/src/middlewares/validation.ts","statementMap":{"0":{"start":{"line":2,"column":0},"end":{"line":2,"column":53}},"1":{"start":{"line":4,"column":33},"end":{"line":11,"column":1}},"2":{"start":{"line":5,"column":17},"end":{"line":5,"column":38}},"3":{"start":{"line":6,"column":4},"end":{"line":8,"column":5}},"4":{"start":{"line":7,"column":8},"end":{"line":7,"column":64}},"5":{"start":{"line":10,"column":4},"end":{"line":10,"column":11}},"6":{"start":{"line":4,"column":13},"end":{"line":4,"column":33}}},"fnMap":{"0":{"name":"(anonymous_0)","decl":{"start":{"line":4,"column":33},"end":{"line":4,"column":34}},"loc":{"start":{"line":4,"column":85},"end":{"line":11,"column":1}}}},"branchMap":{"0":{"loc":{"start":{"line":6,"column":4},"end":{"line":8,"column":5}},"type":"if","locations":[{"start":{"line":6,"column":4},"end":{"line":8,"column":5}},{"start":{},"end":{}}]}},"s":{"0":1,"1":1,"2":23,"3":23,"4":8,"5":15,"6":1},"f":{"0":23},"b":{"0":[8,15]}}
,"/home/david/Escritorio/cashtrackr/backend/src/models/Budget.ts": {"path":"/home/david/Escritorio/cashtrackr/backend/src/models/Budget.ts","statementMap":{"0":{"start":{"line":1,"column":0},"end":{"line":1,"column":113}},"1":{"start":{"line":2,"column":0},"end":{"line":2,"column":32}},"2":{"start":{"line":3,"column":0},"end":{"line":3,"column":26}},"3":{"start":{"line":9,"column":0},"end":{"line":35,"column":null}},"4":{"start":{"line":15,"column":12},"end":{"line":15,"column":null}},"5":{"start":{"line":22,"column":12},"end":{"line":22,"column":null}},"6":{"start":{"line":28,"column":12},"end":{"line":28,"column":null}},"7":{"start":{"line":24,"column":19},"end":{"line":24,"column":26}},"8":{"start":{"line":31,"column":12},"end":{"line":31,"column":null}},"9":{"start":{"line":30,"column":21},"end":{"line":30,"column":25}},"10":{"start":{"line":34,"column":12},"end":{"line":34,"column":null}},"11":{"start":{"line":33,"column":22},"end":{"line":33,"column":26}},"12":{"start":{"line":9,"column":6},"end":{"line":35,"column":null}},"13":{"start":{"line":37,"column":0},"end":{"line":37,"column":22}}},"fnMap":{"0":{"name":"(anonymous_3)","decl":{"start":{"line":24,"column":13},"end":{"line":24,"column":16}},"loc":{"start":{"line":24,"column":19},"end":{"line":24,"column":26}}},"1":{"name":"(anonymous_4)","decl":{"start":{"line":30,"column":15},"end":{"line":30,"column":18}},"loc":{"start":{"line":30,"column":21},"end":{"line":30,"column":25}}},"2":{"name":"(anonymous_5)","decl":{"start":{"line":33,"column":16},"end":{"line":33,"column":19}},"loc":{"start":{"line":33,"column":22},"end":{"line":33,"column":26}}}},"branchMap":{"0":{"loc":{"start":{"line":31,"column":18},"end":{"line":31,"column":23}},"type":"cond-expr","locations":[{"start":{"line":31,"column":22},"end":{"line":31,"column":23}},{"start":{"line":31,"column":22},"end":{"line":31,"column":23}}]},"1":{"loc":{"start":{"line":31,"column":18},"end":{"line":31,"column":22}},"type":"binary-expr","locations":[{"start":{"line":31,"column":18},"end":{"line":31,"column":23}},{"start":{"line":31,"column":18},"end":{"line":31,"column":22}}]}},"s":{"0":3,"1":3,"2":3,"3":3,"4":3,"5":3,"6":3,"7":3,"8":3,"9":3,"10":3,"11":2,"12":3,"13":3},"f":{"0":3,"1":3,"2":2},"b":{"0":[2,1],"1":[3,3]}}
,"/home/david/Escritorio/cashtrackr/backend/src/models/Expense.ts": {"path":"/home/david/Escritorio/cashtrackr/backend/src/models/Expense.ts","statementMap":{"0":{"start":{"line":1,"column":0},"end":{"line":1,"column":104}},"1":{"start":{"line":2,"column":0},"end":{"line":2,"column":30}},"2":{"start":{"line":8,"column":0},"end":{"line":28,"column":null}},"3":{"start":{"line":14,"column":12},"end":{"line":14,"column":null}},"4":{"start":{"line":21,"column":12},"end":{"line":21,"column":null}},"5":{"start":{"line":24,"column":12},"end":{"line":24,"column":null}},"6":{"start":{"line":23,"column":21},"end":{"line":23,"column":27}},"7":{"start":{"line":27,"column":12},"end":{"line":27,"column":null}},"8":{"start":{"line":26,"column":22},"end":{"line":26,"column":28}},"9":{"start":{"line":8,"column":6},"end":{"line":28,"column":null}},"10":{"start":{"line":30,"column":0},"end":{"line":30,"column":23}}},"fnMap":{"0":{"name":"(anonymous_3)","decl":{"start":{"line":23,"column":15},"end":{"line":23,"column":18}},"loc":{"start":{"line":23,"column":21},"end":{"line":23,"column":27}}},"1":{"name":"(anonymous_4)","decl":{"start":{"line":26,"column":16},"end":{"line":26,"column":19}},"loc":{"start":{"line":26,"column":22},"end":{"line":26,"column":28}}}},"branchMap":{"0":{"loc":{"start":{"line":24,"column":20},"end":{"line":24,"column":27}},"type":"cond-expr","locations":[{"start":{"line":24,"column":26},"end":{"line":24,"column":27}},{"start":{"line":24,"column":26},"end":{"line":24,"column":27}}]},"1":{"loc":{"start":{"line":24,"column":20},"end":{"line":24,"column":26}},"type":"binary-expr","locations":[{"start":{"line":24,"column":20},"end":{"line":24,"column":27}},{"start":{"line":24,"column":20},"end":{"line":24,"column":26}}]}},"s":{"0":3,"1":3,"2":3,"3":3,"4":3,"5":3,"6":2,"7":3,"8":2,"9":3,"10":3},"f":{"0":2,"1":2},"b":{"0":[0,3],"1":[3,1]}}
,"/home/david/Escritorio/cashtrackr/backend/src/models/User.ts": {"path":"/home/david/Escritorio/cashtrackr/backend/src/models/User.ts","statementMap":{"0":{"start":{"line":1,"column":0},"end":{"line":1,"column":107}},"1":{"start":{"line":2,"column":0},"end":{"line":2,"column":30}},"2":{"start":{"line":8,"column":0},"end":{"line":44,"column":null}},"3":{"start":{"line":13,"column":12},"end":{"line":13,"column":null}},"4":{"start":{"line":19,"column":12},"end":{"line":19,"column":null}},"5":{"start":{"line":26,"column":12},"end":{"line":26,"column":null}},"6":{"start":{"line":31,"column":12},"end":{"line":31,"column":null}},"7":{"start":{"line":37,"column":12},"end":{"line":37,"column":null}},"8":{"start":{"line":43,"column":12},"end":{"line":43,"column":null}},"9":{"start":{"line":39,"column":19},"end":{"line":39,"column":25}},"10":{"start":{"line":8,"column":6},"end":{"line":44,"column":null}},"11":{"start":{"line":46,"column":0},"end":{"line":46,"column":null}}},"fnMap":{"0":{"name":"(anonymous_3)","decl":{"start":{"line":39,"column":13},"end":{"line":39,"column":16}},"loc":{"start":{"line":39,"column":19},"end":{"line":39,"column":25}}}},"branchMap":{},"s":{"0":3,"1":3,"2":3,"3":3,"4":3,"5":3,"6":3,"7":3,"8":3,"9":2,"10":3,"11":3},"f":{"0":2},"b":{}}
,"/home/david/Escritorio/cashtrackr/backend/src/routes/authRouter.ts": {"path":"/home/david/Escritorio/cashtrackr/backend/src/routes/authRouter.ts","statementMap":{"0":{"start":{"line":1,"column":0},"end":{"line":1,"column":33}},"1":{"start":{"line":2,"column":0},"end":{"line":2,"column":48}},"2":{"start":{"line":3,"column":0},"end":{"line":3,"column":63}},"3":{"start":{"line":4,"column":0},"end":{"line":4,"column":62}},"4":{"start":{"line":5,"column":0},"end":{"line":5,"column":44}},"5":{"start":{"line":6,"column":0},"end":{"line":6,"column":51}},"6":{"start":{"line":8,"column":15},"end":{"line":8,"column":23}},"7":{"start":{"line":9,"column":0},"end":{"line":9,"column":20}},"8":{"start":{"line":11,"column":0},"end":{"line":20,"column":34}},"9":{"start":{"line":22,"column":0},"end":{"line":26,"column":35}},"10":{"start":{"line":28,"column":0},"end":{"line":34,"column":26}},"11":{"start":{"line":36,"column":0},"end":{"line":40,"column":35}},"12":{"start":{"line":42,"column":0},"end":{"line":47,"column":2}},"13":{"start":{"line":49,"column":0},"end":{"line":58,"column":2}},"14":{"start":{"line":60,"column":0},"end":{"line":62,"column":25}},"15":{"start":{"line":64,"column":0},"end":{"line":72,"column":2}},"16":{"start":{"line":74,"column":0},"end":{"line":79,"column":34}},"17":{"start":{"line":81,"column":0},"end":{"line":81,"column":22}}},"fnMap":{},"branchMap":{},"s":{"0":1,"1":1,"2":1,"3":1,"4":1,"5":1,"6":1,"7":1,"8":1,"9":1,"10":1,"11":1,"12":1,"13":1,"14":1,"15":1,"16":1,"17":1},"f":{},"b":{}}
,"/home/david/Escritorio/cashtrackr/backend/src/routes/budgetRouter.ts": {"path":"/home/david/Escritorio/cashtrackr/backend/src/routes/budgetRouter.ts","statementMap":{"0":{"start":{"line":1,"column":0},"end":{"line":1,"column":33}},"1":{"start":{"line":2,"column":0},"end":{"line":2,"column":67}},"2":{"start":{"line":3,"column":0},"end":{"line":3,"column":62}},"3":{"start":{"line":4,"column":0},"end":{"line":4,"column":112}},"4":{"start":{"line":5,"column":0},"end":{"line":5,"column":70}},"5":{"start":{"line":6,"column":0},"end":{"line":6,"column":105}},"6":{"start":{"line":7,"column":0},"end":{"line":7,"column":51}},"7":{"start":{"line":9,"column":15},"end":{"line":9,"column":23}},"8":{"start":{"line":10,"column":0},"end":{"line":10,"column":25}},"9":{"start":{"line":12,"column":0},"end":{"line":12,"column":45}},"10":{"start":{"line":13,"column":0},"end":{"line":13,"column":46}},"11":{"start":{"line":14,"column":0},"end":{"line":14,"column":36}},"12":{"start":{"line":16,"column":0},"end":{"line":16,"column":47}},"13":{"start":{"line":17,"column":0},"end":{"line":17,"column":48}},"14":{"start":{"line":19,"column":0},"end":{"line":19,"column":41}},"15":{"start":{"line":21,"column":0},"end":{"line":24,"column":29}},"16":{"start":{"line":26,"column":0},"end":{"line":26,"column":51}},"17":{"start":{"line":28,"column":0},"end":{"line":31,"column":33}},"18":{"start":{"line":33,"column":0},"end":{"line":33,"column":57}},"19":{"start":{"line":36,"column":0},"end":{"line":39,"column":31}},"20":{"start":{"line":41,"column":0},"end":{"line":41,"column":73}},"21":{"start":{"line":43,"column":0},"end":{"line":46,"column":35}},"22":{"start":{"line":48,"column":0},"end":{"line":48,"column":79}},"23":{"start":{"line":51,"column":0},"end":{"line":51,"column":22}}},"fnMap":{},"branchMap":{},"s":{"0":1,"1":1,"2":1,"3":1,"4":1,"5":1,"6":1,"7":1,"8":1,"9":1,"10":1,"11":1,"12":1,"13":1,"14":1,"15":1,"16":1,"17":1,"18":1,"19":1,"20":1,"21":1,"22":1,"23":1},"f":{},"b":{}}
,"/home/david/Escritorio/cashtrackr/backend/src/tests/mocks/budget.ts": {"path":"/home/david/Escritorio/cashtrackr/backend/src/tests/mocks/budget.ts","statementMap":{"0":{"start":{"line":1,"column":13},"end":{"line":71,"column":2}}},"fnMap":{},"branchMap":{},"s":{"0":3},"f":{},"b":{}}
,"/home/david/Escritorio/cashtrackr/backend/src/tests/mocks/expense.ts": {"path":"/home/david/Escritorio/cashtrackr/backend/src/tests/mocks/expense.ts","statementMap":{"0":{"start":{"line":1,"column":13},"end":{"line":26,"column":null}}},"fnMap":{},"branchMap":{},"s":{"0":2},"f":{},"b":{}}
,"/home/david/Escritorio/cashtrackr/backend/src/utils/auth.ts": {"path":"/home/david/Escritorio/cashtrackr/backend/src/utils/auth.ts","statementMap":{"0":{"start":{"line":1,"column":0},"end":{"line":1,"column":28}},"1":{"start":{"line":3,"column":28},"end":{"line":6,"column":1}},"2":{"start":{"line":4,"column":21},"end":{"line":4,"column":45}},"3":{"start":{"line":5,"column":4},"end":{"line":5,"column":49}},"4":{"start":{"line":3,"column":13},"end":{"line":3,"column":28}},"5":{"start":{"line":8,"column":29},"end":{"line":10,"column":1}},"6":{"start":{"line":9,"column":4},"end":{"line":9,"column":48}},"7":{"start":{"line":8,"column":13},"end":{"line":8,"column":29}}},"fnMap":{"0":{"name":"(anonymous_1)","decl":{"start":{"line":3,"column":28},"end":{"line":3,"column":33}},"loc":{"start":{"line":3,"column":55},"end":{"line":6,"column":1}}},"1":{"name":"(anonymous_2)","decl":{"start":{"line":8,"column":29},"end":{"line":8,"column":34}},"loc":{"start":{"line":8,"column":70},"end":{"line":10,"column":1}}}},"branchMap":{},"s":{"0":2,"1":2,"2":1,"3":1,"4":2,"5":2,"6":5,"7":2},"f":{"0":1,"1":5},"b":{}}
,"/home/david/Escritorio/cashtrackr/backend/src/utils/jwt.ts": {"path":"/home/david/Escritorio/cashtrackr/backend/src/utils/jwt.ts","statementMap":{"0":{"start":{"line":1,"column":0},"end":{"line":1,"column":44}},"1":{"start":{"line":3,"column":27},"end":{"line":9,"column":1}},"2":{"start":{"line":4,"column":18},"end":{"line":6,"column":6}},"3":{"start":{"line":8,"column":4},"end":{"line":8,"column":17}},"4":{"start":{"line":3,"column":13},"end":{"line":3,"column":27}},"5":{"start":{"line":11,"column":24},"end":{"line":13,"column":1}},"6":{"start":{"line":12,"column":4},"end":{"line":12,"column":49}},"7":{"start":{"line":11,"column":13},"end":{"line":11,"column":24}}},"fnMap":{"0":{"name":"(anonymous_0)","decl":{"start":{"line":3,"column":27},"end":{"line":3,"column":28}},"loc":{"start":{"line":3,"column":42},"end":{"line":9,"column":1}}},"1":{"name":"(anonymous_1)","decl":{"start":{"line":11,"column":24},"end":{"line":11,"column":25}},"loc":{"start":{"line":11,"column":42},"end":{"line":13,"column":1}}}},"branchMap":{},"s":{"0":2,"1":2,"2":5,"3":5,"4":2,"5":2,"6":11,"7":2},"f":{"0":5,"1":11},"b":{}}
,"/home/david/Escritorio/cashtrackr/backend/src/utils/token.ts": {"path":"/home/david/Escritorio/cashtrackr/backend/src/utils/token.ts","statementMap":{"0":{"start":{"line":2,"column":29},"end":{"line":2,"column":89}},"1":{"start":{"line":2,"column":35},"end":{"line":2,"column":89}},"2":{"start":{"line":2,"column":13},"end":{"line":2,"column":29}}},"fnMap":{"0":{"name":"(anonymous_0)","decl":{"start":{"line":2,"column":29},"end":{"line":2,"column":32}},"loc":{"start":{"line":2,"column":35},"end":{"line":2,"column":89}}}},"branchMap":{},"s":{"0":2,"1":1,"2":2},"f":{"0":1},"b":{}}
}
