TN:
SF:src/config/mailer.ts
FN:15,(anonymous_1)
FNF:1
FNH:1
FNDA:1,(anonymous_1)
DA:1,1
DA:2,1
DA:4,1
DA:15,1
DA:16,1
DA:26,1
LF:6
LH:6
BRF:0
BRH:0
end_of_record
TN:
SF:src/controllers/AuthController.ts
FN:9,(anonymous_1)
FN:38,(anonymous_2)
FN:54,(anonymous_3)
FN:79,(anonymous_4)
FN:100,(anonymous_5)
FN:112,(anonymous_6)
FN:129,(anonymous_7)
FN:133,(anonymous_8)
FN:151,(anonymous_9)
FNF:9
FNH:2
FNDA:2,(anonymous_1)
FNDA:0,(anonymous_2)
FNDA:4,(anonymous_3)
FNDA:0,(anonymous_4)
FNDA:0,(anonymous_5)
FNDA:0,(anonymous_6)
FNDA:0,(anonymous_7)
FNDA:0,(anonymous_8)
FNDA:0,(anonymous_9)
DA:2,1
DA:3,1
DA:4,1
DA:5,1
DA:6,1
DA:8,1
DA:9,1
DA:10,2
DA:13,2
DA:15,2
DA:16,1
DA:17,1
DA:20,1
DA:21,1
DA:22,1
DA:23,1
DA:25,1
DA:26,1
DA:32,1
DA:34,0
DA:38,1
DA:39,0
DA:40,0
DA:42,0
DA:43,0
DA:44,0
DA:47,0
DA:48,0
DA:50,0
DA:51,0
DA:54,1
DA:55,4
DA:56,4
DA:58,4
DA:59,1
DA:60,1
DA:63,3
DA:64,1
DA:65,1
DA:68,2
DA:70,2
DA:71,1
DA:72,1
DA:75,1
DA:76,1
DA:79,1
DA:80,0
DA:81,0
DA:83,0
DA:84,0
DA:85,0
DA:88,0
DA:89,0
DA:91,0
DA:97,0
DA:100,1
DA:101,0
DA:102,0
DA:104,0
DA:105,0
DA:106,0
DA:109,0
DA:112,1
DA:113,0
DA:114,0
DA:115,0
DA:117,0
DA:118,0
DA:119,0
DA:122,0
DA:123,0
DA:125,0
DA:126,0
DA:129,1
DA:130,0
DA:133,1
DA:134,0
DA:135,0
DA:136,0
DA:138,0
DA:140,0
DA:141,0
DA:142,0
DA:145,0
DA:146,0
DA:148,0
DA:151,1
DA:152,0
DA:154,0
DA:155,0
DA:157,0
DA:159,0
DA:160,0
DA:161,0
DA:164,0
LF:95
LH:41
BRDA:15,0,0,1
BRDA:15,0,1,1
BRDA:42,1,0,0
BRDA:42,1,1,0
BRDA:58,2,0,1
BRDA:58,2,1,3
BRDA:63,3,0,1
BRDA:63,3,1,2
BRDA:70,4,0,1
BRDA:70,4,1,1
BRDA:83,5,0,0
BRDA:83,5,1,0
BRDA:104,6,0,0
BRDA:104,6,1,0
BRDA:117,7,0,0
BRDA:117,7,1,0
BRDA:140,8,0,0
BRDA:140,8,1,0
BRDA:159,9,0,0
BRDA:159,9,1,0
BRF:20
BRH:8
end_of_record
TN:
SF:src/controllers/BudgetController.ts
FN:7,(anonymous_1)
FN:25,(anonymous_2)
FN:38,(anonymous_3)
FN:46,(anonymous_4)
FN:51,(anonymous_5)
FNF:5
FNH:5
FNDA:4,(anonymous_1)
FNDA:2,(anonymous_2)
FNDA:3,(anonymous_3)
FNDA:1,(anonymous_4)
FNDA:1,(anonymous_5)
DA:2,1
DA:3,1
DA:5,1
DA:7,1
DA:9,4
DA:10,4
DA:19,3
DA:21,1
DA:25,1
DA:26,2
DA:27,2
DA:28,1
DA:30,1
DA:31,1
DA:33,1
DA:38,1
DA:39,3
DA:43,3
DA:46,1
DA:47,1
DA:48,1
DA:51,1
DA:52,1
DA:53,1
LF:24
LH:24
BRF:0
BRH:0
end_of_record
TN:
SF:src/controllers/ExpenseController.ts
FN:6,(anonymous_1)
FN:18,(anonymous_2)
FN:22,(anonymous_3)
FN:27,(anonymous_4)
FNF:4
FNH:4
FNDA:2,(anonymous_1)
FNDA:1,(anonymous_2)
FNDA:1,(anonymous_3)
FNDA:1,(anonymous_4)
DA:2,1
DA:4,1
DA:6,1
DA:7,2
DA:8,2
DA:9,1
DA:11,1
DA:12,1
DA:14,1
DA:18,1
DA:19,1
DA:22,1
DA:23,1
DA:24,1
DA:27,1
DA:28,1
DA:29,1
LF:17
LH:17
BRF:0
BRH:0
end_of_record
TN:
SF:src/emails/AuthEmail.ts
FN:10,(anonymous_0)
FN:25,(anonymous_1)
FNF:2
FNH:0
FNDA:0,(anonymous_0)
FNDA:0,(anonymous_1)
DA:1,1
DA:9,1
DA:10,1
DA:11,0
DA:25,1
DA:26,0
LF:6
LH:4
BRF:0
BRH:0
end_of_record
TN:
SF:src/middlewares/Expense.ts
FN:13,(anonymous_1)
FN:19,(anonymous_2)
FN:24,(anonymous_3)
FN:26,(anonymous_4)
FN:39,(anonymous_5)
FNF:5
FNH:1
FNDA:0,(anonymous_1)
FNDA:0,(anonymous_2)
FNDA:0,(anonymous_3)
FNDA:0,(anonymous_4)
FNDA:3,(anonymous_5)
DA:2,1
DA:3,1
DA:13,1
DA:14,0
DA:16,0
DA:19,0
DA:21,0
DA:24,1
DA:26,0
DA:30,0
DA:32,0
DA:33,0
DA:36,0
DA:39,1
DA:41,3
DA:42,3
DA:43,3
DA:45,3
DA:47,2
DA:48,1
DA:49,1
DA:52,1
DA:53,1
DA:55,1
LF:24
LH:15
BRDA:32,0,0,0
BRDA:32,0,1,0
BRDA:43,1,0,0
BRDA:43,1,1,3
BRDA:47,2,0,1
BRDA:47,2,1,1
BRF:6
BRH:3
end_of_record
TN:
SF:src/middlewares/budget.ts
FN:13,(anonymous_1)
FN:17,(anonymous_2)
FN:28,(anonymous_3)
FN:48,(anonymous_4)
FN:54,(anonymous_5)
FN:59,(anonymous_6)
FNF:6
FNH:2
FNDA:0,(anonymous_1)
FNDA:0,(anonymous_2)
FNDA:3,(anonymous_3)
FNDA:0,(anonymous_4)
FNDA:0,(anonymous_5)
FNDA:3,(anonymous_6)
DA:2,2
DA:3,2
DA:13,2
DA:15,0
DA:17,0
DA:20,0
DA:21,0
DA:22,0
DA:25,0
DA:28,2
DA:30,3
DA:31,3
DA:32,3
DA:34,3
DA:36,2
DA:37,1
DA:38,1
DA:41,1
DA:42,1
DA:44,1
DA:48,2
DA:49,0
DA:51,0
DA:54,0
DA:56,0
DA:59,2
DA:60,3
DA:61,2
DA:62,2
DA:65,1
LF:30
LH:20
BRDA:21,0,0,0
BRDA:21,0,1,0
BRDA:32,1,0,0
BRDA:32,1,1,3
BRDA:36,2,0,1
BRDA:36,2,1,1
BRDA:60,3,0,2
BRDA:60,3,1,1
BRF:8
BRH:5
end_of_record
TN:
SF:src/models/Budget.ts
FN:24,(anonymous_3)
FN:30,(anonymous_4)
FN:33,(anonymous_5)
FNF:3
FNH:0
FNDA:0,(anonymous_3)
FNDA:0,(anonymous_4)
FNDA:0,(anonymous_5)
DA:1,2
DA:2,2
DA:3,2
DA:9,2
DA:15,2
DA:22,2
DA:24,0
DA:28,2
DA:30,0
DA:31,2
DA:33,0
DA:34,2
DA:37,2
LF:13
LH:10
BRDA:31,0,0,1
BRDA:31,0,1,1
BRDA:31,1,0,2
BRDA:31,1,1,2
BRF:4
BRH:4
end_of_record
TN:
SF:src/models/Expense.ts
FN:23,(anonymous_3)
FN:26,(anonymous_4)
FNF:2
FNH:0
FNDA:0,(anonymous_3)
FNDA:0,(anonymous_4)
DA:1,2
DA:2,2
DA:8,2
DA:14,2
DA:21,2
DA:23,0
DA:24,2
DA:26,0
DA:27,2
DA:30,2
LF:10
LH:8
BRDA:24,0,0,0
BRDA:24,0,1,2
BRDA:24,1,0,2
BRDA:24,1,1,1
BRF:4
BRH:3
end_of_record
TN:
SF:src/models/User.ts
FN:39,(anonymous_3)
FNF:1
FNH:0
FNDA:0,(anonymous_3)
DA:1,2
DA:2,2
DA:8,2
DA:13,2
DA:19,2
DA:26,2
DA:31,2
DA:37,2
DA:39,0
DA:43,2
DA:46,2
LF:11
LH:10
BRF:0
BRH:0
end_of_record
TN:
SF:src/tests/mocks/budget.ts
FNF:0
FNH:0
DA:1,3
LF:1
LH:1
BRF:0
BRH:0
end_of_record
TN:
SF:src/tests/mocks/expense.ts
FNF:0
FNH:0
DA:1,2
LF:1
LH:1
BRF:0
BRH:0
end_of_record
TN:
SF:src/utils/auth.ts
FN:3,(anonymous_1)
FN:8,(anonymous_2)
FNF:2
FNH:0
FNDA:0,(anonymous_1)
FNDA:0,(anonymous_2)
DA:1,1
DA:3,1
DA:4,0
DA:5,0
DA:8,1
DA:9,0
LF:6
LH:3
BRF:0
BRH:0
end_of_record
TN:
SF:src/utils/jwt.ts
FN:3,(anonymous_0)
FN:11,(anonymous_1)
FNF:2
FNH:0
FNDA:0,(anonymous_0)
FNDA:0,(anonymous_1)
DA:1,1
DA:3,1
DA:4,0
DA:8,0
DA:11,1
DA:12,0
LF:6
LH:3
BRF:0
BRH:0
end_of_record
TN:
SF:src/utils/token.ts
FN:2,(anonymous_0)
FNF:1
FNH:0
FNDA:0,(anonymous_0)
DA:2,1
LF:1
LH:1
BRF:0
BRH:0
end_of_record
