TN:
SF:src/server.ts
FN:9,connectDB
FNF:1
FNH:0
FNDA:0,connectDB
DA:1,1
DA:3,1
DA:5,1
DA:6,1
DA:7,1
DA:9,1
DA:10,0
DA:11,0
DA:12,0
DA:19,1
DA:20,1
DA:21,0
DA:24,1
DA:25,1
DA:27,1
DA:28,1
DA:30,1
LF:17
LH:13
BRDA:20,0,0,0
BRDA:20,0,1,1
BRF:2
BRH:1
end_of_record
TN:
SF:src/config/db.ts
FNF:0
FNH:0
DA:1,1
DA:2,1
DA:4,1
DA:6,1
LF:4
LH:4
BRF:0
BRH:0
end_of_record
TN:
SF:src/config/limiter.ts
FNF:0
FNH:0
DA:1,1
DA:3,1
LF:2
LH:2
BRDA:5,0,0,0
BRDA:5,0,1,1
BRF:2
BRH:1
end_of_record
TN:
SF:src/config/mailer.ts
FN:15,(anonymous_1)
FNF:1
FNH:1
FNDA:2,(anonymous_1)
DA:1,2
DA:2,2
DA:4,2
DA:15,2
DA:16,2
DA:26,2
LF:6
LH:6
BRF:0
BRH:0
end_of_record
TN:
SF:src/controllers/AuthController.ts
FN:9,(anonymous_1)
FN:44,(anonymous_2)
FN:60,(anonymous_3)
FN:85,(anonymous_4)
FN:106,(anonymous_5)
FN:118,(anonymous_6)
FN:135,(anonymous_7)
FN:139,(anonymous_8)
FN:157,(anonymous_9)
FNF:9
FNH:3
FNDA:4,(anonymous_1)
FNDA:2,(anonymous_2)
FNDA:13,(anonymous_3)
FNDA:0,(anonymous_4)
FNDA:0,(anonymous_5)
FNDA:0,(anonymous_6)
FNDA:0,(anonymous_7)
FNDA:0,(anonymous_8)
FNDA:0,(anonymous_9)
DA:2,2
DA:3,2
DA:4,2
DA:5,2
DA:6,2
DA:8,2
DA:9,2
DA:10,4
DA:13,4
DA:15,4
DA:16,2
DA:17,2
DA:20,2
DA:21,2
DA:22,2
DA:24,2
DA:25,2
DA:27,2
DA:28,2
DA:31,2
DA:32,2
DA:38,2
DA:40,0
DA:44,2
DA:45,2
DA:46,2
DA:48,2
DA:49,1
DA:50,1
DA:53,1
DA:54,1
DA:56,1
DA:57,1
DA:60,2
DA:61,13
DA:62,13
DA:64,13
DA:65,2
DA:66,2
DA:69,11
DA:70,2
DA:71,2
DA:74,9
DA:76,9
DA:77,2
DA:78,2
DA:81,7
DA:82,7
DA:85,2
DA:86,0
DA:87,0
DA:89,0
DA:90,0
DA:91,0
DA:94,0
DA:95,0
DA:97,0
DA:103,0
DA:106,2
DA:107,0
DA:108,0
DA:110,0
DA:111,0
DA:112,0
DA:115,0
DA:118,2
DA:119,0
DA:120,0
DA:121,0
DA:123,0
DA:124,0
DA:125,0
DA:128,0
DA:129,0
DA:131,0
DA:132,0
DA:135,2
DA:136,0
DA:139,2
DA:140,0
DA:141,0
DA:142,0
DA:144,0
DA:146,0
DA:147,0
DA:148,0
DA:151,0
DA:152,0
DA:154,0
DA:157,2
DA:158,0
DA:160,0
DA:161,0
DA:163,0
DA:165,0
DA:166,0
DA:167,0
DA:170,0
LF:98
LH:53
BRDA:15,0,0,2
BRDA:15,0,1,2
BRDA:27,1,0,2
BRDA:27,1,1,0
BRDA:48,2,0,1
BRDA:48,2,1,1
BRDA:64,3,0,2
BRDA:64,3,1,11
BRDA:69,4,0,2
BRDA:69,4,1,9
BRDA:76,5,0,2
BRDA:76,5,1,7
BRDA:89,6,0,0
BRDA:89,6,1,0
BRDA:110,7,0,0
BRDA:110,7,1,0
BRDA:123,8,0,0
BRDA:123,8,1,0
BRDA:146,9,0,0
BRDA:146,9,1,0
BRDA:165,10,0,0
BRDA:165,10,1,0
BRF:22
BRH:11
end_of_record
TN:
SF:src/controllers/BudgetController.ts
FN:7,(anonymous_1)
FN:25,(anonymous_2)
FN:38,(anonymous_3)
FN:46,(anonymous_4)
FN:51,(anonymous_5)
FNF:5
FNH:5
FNDA:5,(anonymous_1)
FNDA:3,(anonymous_2)
FNDA:4,(anonymous_3)
FNDA:2,(anonymous_4)
FNDA:2,(anonymous_5)
DA:2,2
DA:3,2
DA:5,2
DA:7,2
DA:9,5
DA:10,5
DA:19,4
DA:21,1
DA:25,2
DA:26,3
DA:27,3
DA:28,2
DA:30,2
DA:31,2
DA:33,1
DA:38,2
DA:39,4
DA:43,4
DA:46,2
DA:47,2
DA:48,2
DA:51,2
DA:52,2
DA:53,2
LF:24
LH:24
BRF:0
BRH:0
end_of_record
TN:
SF:src/controllers/ExpenseController.ts
FN:6,(anonymous_1)
FN:18,(anonymous_2)
FN:22,(anonymous_3)
FN:27,(anonymous_4)
FNF:4
FNH:4
FNDA:2,(anonymous_1)
FNDA:1,(anonymous_2)
FNDA:1,(anonymous_3)
FNDA:1,(anonymous_4)
DA:2,2
DA:4,2
DA:6,2
DA:7,2
DA:8,2
DA:9,1
DA:11,1
DA:12,1
DA:14,1
DA:18,2
DA:19,1
DA:22,2
DA:23,1
DA:24,1
DA:27,2
DA:28,1
DA:29,1
LF:17
LH:17
BRF:0
BRH:0
end_of_record
TN:
SF:src/emails/AuthEmail.ts
FN:10,(anonymous_0)
FN:25,(anonymous_1)
FNF:2
FNH:1
FNDA:1,(anonymous_0)
FNDA:0,(anonymous_1)
DA:1,2
DA:9,2
DA:10,2
DA:11,1
DA:25,2
DA:26,0
LF:6
LH:5
BRF:0
BRH:0
end_of_record
TN:
SF:src/middlewares/Expense.ts
FN:13,(anonymous_1)
FN:19,(anonymous_2)
FN:24,(anonymous_3)
FN:26,(anonymous_4)
FN:39,(anonymous_5)
FNF:5
FNH:1
FNDA:0,(anonymous_1)
FNDA:0,(anonymous_2)
FNDA:0,(anonymous_3)
FNDA:0,(anonymous_4)
FNDA:3,(anonymous_5)
DA:2,2
DA:3,2
DA:13,2
DA:14,0
DA:16,0
DA:19,0
DA:21,0
DA:24,2
DA:26,0
DA:30,0
DA:32,0
DA:33,0
DA:36,0
DA:39,2
DA:41,3
DA:42,3
DA:43,3
DA:45,3
DA:47,2
DA:48,1
DA:49,1
DA:52,1
DA:53,1
DA:55,1
LF:24
LH:15
BRDA:32,0,0,0
BRDA:32,0,1,0
BRDA:43,1,0,0
BRDA:43,1,1,3
BRDA:47,2,0,1
BRDA:47,2,1,1
BRF:6
BRH:3
end_of_record
TN:
SF:src/middlewares/auth.ts
FN:13,(anonymous_1)
FNF:1
FNH:1
FNDA:16,(anonymous_1)
DA:2,1
DA:3,1
DA:13,1
DA:14,16
DA:16,16
DA:17,5
DA:18,5
DA:21,11
DA:23,11
DA:24,0
DA:25,0
DA:28,11
DA:29,11
DA:31,10
DA:32,10
DA:36,10
DA:40,1
LF:17
LH:15
BRDA:16,0,0,5
BRDA:16,0,1,11
BRDA:23,1,0,0
BRDA:23,1,1,11
BRDA:31,2,0,10
BRDA:31,2,1,0
BRDA:31,3,0,10
BRDA:31,3,1,10
BRF:8
BRH:6
end_of_record
TN:
SF:src/middlewares/budget.ts
FN:13,(anonymous_1)
FN:17,(anonymous_2)
FN:28,(anonymous_3)
FN:48,(anonymous_4)
FN:54,(anonymous_5)
FN:59,(anonymous_6)
FNF:6
FNH:6
FNDA:7,(anonymous_1)
FNDA:6,(anonymous_2)
FNDA:9,(anonymous_3)
FNDA:4,(anonymous_4)
FNDA:4,(anonymous_5)
FNDA:7,(anonymous_6)
DA:2,3
DA:3,3
DA:13,3
DA:15,7
DA:17,6
DA:20,7
DA:21,7
DA:22,1
DA:25,6
DA:28,3
DA:30,9
DA:31,9
DA:32,9
DA:34,9
DA:36,8
DA:37,3
DA:38,3
DA:41,5
DA:42,5
DA:44,1
DA:48,3
DA:49,4
DA:51,4
DA:54,4
DA:56,4
DA:59,3
DA:60,7
DA:61,2
DA:62,2
DA:65,5
LF:30
LH:30
BRDA:21,0,0,1
BRDA:21,0,1,6
BRDA:32,1,0,0
BRDA:32,1,1,9
BRDA:36,2,0,3
BRDA:36,2,1,5
BRDA:60,3,0,2
BRDA:60,3,1,5
BRF:8
BRH:7
end_of_record
TN:
SF:src/middlewares/validation.ts
FN:4,(anonymous_0)
FNF:1
FNH:1
FNDA:23,(anonymous_0)
DA:2,1
DA:4,1
DA:5,23
DA:6,23
DA:7,8
DA:10,15
LF:6
LH:6
BRDA:6,0,0,8
BRDA:6,0,1,15
BRF:2
BRH:2
end_of_record
TN:
SF:src/models/Budget.ts
FN:24,(anonymous_3)
FN:30,(anonymous_4)
FN:33,(anonymous_5)
FNF:3
FNH:3
FNDA:3,(anonymous_3)
FNDA:3,(anonymous_4)
FNDA:2,(anonymous_5)
DA:1,3
DA:2,3
DA:3,3
DA:9,3
DA:15,3
DA:22,3
DA:24,3
DA:28,3
DA:30,3
DA:31,3
DA:33,2
DA:34,3
DA:37,3
LF:13
LH:13
BRDA:31,0,0,2
BRDA:31,0,1,1
BRDA:31,1,0,3
BRDA:31,1,1,3
BRF:4
BRH:4
end_of_record
TN:
SF:src/models/Expense.ts
FN:23,(anonymous_3)
FN:26,(anonymous_4)
FNF:2
FNH:2
FNDA:2,(anonymous_3)
FNDA:2,(anonymous_4)
DA:1,3
DA:2,3
DA:8,3
DA:14,3
DA:21,3
DA:23,2
DA:24,3
DA:26,2
DA:27,3
DA:30,3
LF:10
LH:10
BRDA:24,0,0,0
BRDA:24,0,1,3
BRDA:24,1,0,3
BRDA:24,1,1,1
BRF:4
BRH:3
end_of_record
TN:
SF:src/models/User.ts
FN:39,(anonymous_3)
FNF:1
FNH:1
FNDA:2,(anonymous_3)
DA:1,3
DA:2,3
DA:8,3
DA:13,3
DA:19,3
DA:26,3
DA:31,3
DA:37,3
DA:39,2
DA:43,3
DA:46,3
LF:11
LH:11
BRF:0
BRH:0
end_of_record
TN:
SF:src/routes/authRouter.ts
FNF:0
FNH:0
DA:1,1
DA:2,1
DA:3,1
DA:4,1
DA:5,1
DA:6,1
DA:8,1
DA:9,1
DA:11,1
DA:22,1
DA:28,1
DA:36,1
DA:42,1
DA:49,1
DA:60,1
DA:64,1
DA:74,1
DA:81,1
LF:18
LH:18
BRF:0
BRH:0
end_of_record
TN:
SF:src/routes/budgetRouter.ts
FNF:0
FNH:0
DA:1,1
DA:2,1
DA:3,1
DA:4,1
DA:5,1
DA:6,1
DA:7,1
DA:9,1
DA:10,1
DA:12,1
DA:13,1
DA:14,1
DA:16,1
DA:17,1
DA:19,1
DA:21,1
DA:26,1
DA:28,1
DA:33,1
DA:36,1
DA:41,1
DA:43,1
DA:48,1
DA:51,1
LF:24
LH:24
BRF:0
BRH:0
end_of_record
TN:
SF:src/tests/mocks/budget.ts
FNF:0
FNH:0
DA:1,3
LF:1
LH:1
BRF:0
BRH:0
end_of_record
TN:
SF:src/tests/mocks/expense.ts
FNF:0
FNH:0
DA:1,2
LF:1
LH:1
BRF:0
BRH:0
end_of_record
TN:
SF:src/utils/auth.ts
FN:3,(anonymous_1)
FN:8,(anonymous_2)
FNF:2
FNH:2
FNDA:1,(anonymous_1)
FNDA:5,(anonymous_2)
DA:1,2
DA:3,2
DA:4,1
DA:5,1
DA:8,2
DA:9,5
LF:6
LH:6
BRF:0
BRH:0
end_of_record
TN:
SF:src/utils/jwt.ts
FN:3,(anonymous_0)
FN:11,(anonymous_1)
FNF:2
FNH:2
FNDA:5,(anonymous_0)
FNDA:11,(anonymous_1)
DA:1,2
DA:3,2
DA:4,5
DA:8,5
DA:11,2
DA:12,11
LF:6
LH:6
BRF:0
BRH:0
end_of_record
TN:
SF:src/utils/token.ts
FN:2,(anonymous_0)
FNF:1
FNH:1
FNDA:1,(anonymous_0)
DA:2,2
LF:1
LH:1
BRF:0
BRH:0
end_of_record
